<?xml version="1.0" encoding="UTF-8"?>
<testng-results ignored="0" total="2" passed="2" failed="0" skipped="0">
  <reporter-output>
  </reporter-output>
  <suite started-at="2024-05-11T01:58:39 IST" name="Suite" finished-at="2024-05-11T01:59:21 IST" duration-ms="41477">
    <groups>
    </groups>
    <test started-at="2024-05-11T01:58:39 IST" name="Test" finished-at="2024-05-11T01:59:00 IST" duration-ms="21010">
      <class name="resolutionTest.TestDemo">
        <test-method is-config="true" signature="setup(java.lang.String,int,int,int,int)[pri:0, instance:resolutionTest.TestDemo@74ea2410]" started-at="2024-05-11T01:58:39 IST" name="setup" finished-at="2024-05-11T01:58:44 IST" duration-ms="4476" status="PASS">
          <params>
            <param index="0">
              <value>
                <![CDATA[chrome]]>
              </value>
            </param>
            <param index="1">
              <value>
                <![CDATA[1280]]>
              </value>
            </param>
            <param index="2">
              <value>
                <![CDATA[800]]>
              </value>
            </param>
            <param index="3">
              <value>
                <![CDATA[360]]>
              </value>
            </param>
            <param index="4">
              <value>
                <![CDATA[640]]>
              </value>
            </param>
          </params>
          <reporter-output>
          </reporter-output>
        </test-method> <!-- setup -->
        <test-method signature="verifyTitleAndTakeScreenshot()[pri:0, instance:resolutionTest.TestDemo@74ea2410]" started-at="2024-05-11T01:58:44 IST" name="verifyTitleAndTakeScreenshot" finished-at="2024-05-11T01:59:00 IST" duration-ms="15960" status="PASS">
          <reporter-output>
          </reporter-output>
        </test-method> <!-- verifyTitleAndTakeScreenshot -->
        <test-method is-config="true" signature="Quit()[pri:0, instance:resolutionTest.TestDemo@74ea2410]" started-at="2024-05-11T01:59:00 IST" name="Quit" finished-at="2024-05-11T01:59:00 IST" duration-ms="505" status="PASS">
          <reporter-output>
          </reporter-output>
        </test-method> <!-- Quit -->
      </class> <!-- resolutionTest.TestDemo -->
    </test> <!-- Test -->
    <test started-at="2024-05-11T01:59:00 IST" name="Testedge" finished-at="2024-05-11T01:59:21 IST" duration-ms="20359">
      <class name="resolutionTest.TestDemo">
        <test-method is-config="true" signature="setup(java.lang.String,int,int,int,int)[pri:0, instance:resolutionTest.TestDemo@33bc72d1]" started-at="2024-05-11T01:59:00 IST" name="setup" finished-at="2024-05-11T01:59:04 IST" duration-ms="3741" status="PASS">
          <params>
            <param index="0">
              <value>
                <![CDATA[MSEDGE]]>
              </value>
            </param>
            <param index="1">
              <value>
                <![CDATA[1280]]>
              </value>
            </param>
            <param index="2">
              <value>
                <![CDATA[800]]>
              </value>
            </param>
            <param index="3">
              <value>
                <![CDATA[360]]>
              </value>
            </param>
            <param index="4">
              <value>
                <![CDATA[640]]>
              </value>
            </param>
          </params>
          <reporter-output>
          </reporter-output>
        </test-method> <!-- setup -->
        <test-method signature="verifyTitleAndTakeScreenshot()[pri:0, instance:resolutionTest.TestDemo@33bc72d1]" started-at="2024-05-11T01:59:04 IST" name="verifyTitleAndTakeScreenshot" finished-at="2024-05-11T01:59:20 IST" duration-ms="16171" status="PASS">
          <reporter-output>
          </reporter-output>
        </test-method> <!-- verifyTitleAndTakeScreenshot -->
        <test-method is-config="true" signature="Quit()[pri:0, instance:resolutionTest.TestDemo@33bc72d1]" started-at="2024-05-11T01:59:20 IST" name="Quit" finished-at="2024-05-11T01:59:21 IST" duration-ms="441" status="PASS">
          <reporter-output>
          </reporter-output>
        </test-method> <!-- Quit -->
      </class> <!-- resolutionTest.TestDemo -->
    </test> <!-- Testedge -->
  </suite> <!-- Suite -->
</testng-results>
